CRITICAL - 2023-12-06 13:51:18 --> Undefined index: editar
in SYSTEMPATH\HTTP\URI.php on line 371.
 1 SYSTEMPATH\HTTP\URI.php(371): CodeIgniter\Debug\Exceptions->errorHandler(8, 'Undefined index: editar', 'C:\\xampp\\htdocs\\AddTarefa\\system\\HTTP\\URI.php', 371, [...])
 2 SYSTEMPATH\HTTP\URI.php(635): CodeIgniter\HTTP\URI->getAuthority()
 3 SYSTEMPATH\HTTP\SiteURI.php(111): CodeIgniter\HTTP\URI->__toString()
 4 SYSTEMPATH\HTTP\SiteURI.php(384): CodeIgniter\HTTP\SiteURI->__construct(Object(Config\App), 'Inicio/edit/1', 'localhost', 'Editar')
 5 SYSTEMPATH\Helpers\url_helper.php(54): CodeIgniter\HTTP\SiteURI->baseUrl('Inicio/edit/1', 'Editar')
 6 APPPATH\Views\inicio\index.php(27): base_url('Inicio/edit/1', 'Editar')
 7 SYSTEMPATH\View\View.php(228): include('C:\\xampp\\htdocs\\AddTarefa\\app\\Views\\inicio\\index.php')
 8 SYSTEMPATH\View\View.php(231): CodeIgniter\View\View->CodeIgniter\View\{closure}()
 9 SYSTEMPATH\Common.php(1190): CodeIgniter\View\View->render('inicio/index', [], true)
10 APPPATH\Controllers\Inicio.php(16): view('inicio/index', [...])
11 SYSTEMPATH\CodeIgniter.php(942): App\Controllers\Inicio->index()
12 SYSTEMPATH\CodeIgniter.php(502): CodeIgniter\CodeIgniter->runController(Object(App\Controllers\Inicio))
13 SYSTEMPATH\CodeIgniter.php(361): CodeIgniter\CodeIgniter->handleRequest(null, Object(Config\Cache), false)
14 FCPATH\index.php(79): CodeIgniter\CodeIgniter->run()
15 SYSTEMPATH\Commands\Server\rewrite.php(47): require_once('C:\\xampp\\htdocs\\AddTarefa\\public\\index.php')
CRITICAL - 2023-12-06 13:52:11 --> Undefined index: editar
in SYSTEMPATH\HTTP\URI.php on line 371.
 1 SYSTEMPATH\HTTP\URI.php(371): CodeIgniter\Debug\Exceptions->errorHandler(8, 'Undefined index: editar', 'C:\\xampp\\htdocs\\AddTarefa\\system\\HTTP\\URI.php', 371, [...])
 2 SYSTEMPATH\HTTP\URI.php(635): CodeIgniter\HTTP\URI->getAuthority()
 3 SYSTEMPATH\HTTP\SiteURI.php(111): CodeIgniter\HTTP\URI->__toString()
 4 SYSTEMPATH\HTTP\SiteURI.php(384): CodeIgniter\HTTP\SiteURI->__construct(Object(Config\App), 'Inicio/edit/1', 'localhost', 'Editar')
 5 SYSTEMPATH\Helpers\url_helper.php(54): CodeIgniter\HTTP\SiteURI->baseUrl('Inicio/edit/1', 'Editar')
 6 APPPATH\Views\inicio\index.php(27): base_url('Inicio/edit/1', 'Editar')
 7 SYSTEMPATH\View\View.php(228): include('C:\\xampp\\htdocs\\AddTarefa\\app\\Views\\inicio\\index.php')
 8 SYSTEMPATH\View\View.php(231): CodeIgniter\View\View->CodeIgniter\View\{closure}()
 9 SYSTEMPATH\Common.php(1190): CodeIgniter\View\View->render('inicio/index', [], true)
10 APPPATH\Controllers\Inicio.php(16): view('inicio/index', [...])
11 SYSTEMPATH\CodeIgniter.php(942): App\Controllers\Inicio->index()
12 SYSTEMPATH\CodeIgniter.php(502): CodeIgniter\CodeIgniter->runController(Object(App\Controllers\Inicio))
13 SYSTEMPATH\CodeIgniter.php(361): CodeIgniter\CodeIgniter->handleRequest(null, Object(Config\Cache), false)
14 FCPATH\index.php(79): CodeIgniter\CodeIgniter->run()
15 SYSTEMPATH\Commands\Server\rewrite.php(47): require_once('C:\\xampp\\htdocs\\AddTarefa\\public\\index.php')
CRITICAL - 2023-12-06 14:11:35 --> Call to undefined function form_open()
in APPPATH\Views\inicio\form.php on line 7.
 1 SYSTEMPATH\View\View.php(228): include()
 2 SYSTEMPATH\View\View.php(231): CodeIgniter\View\View->CodeIgniter\View\{closure}()
 3 SYSTEMPATH\Common.php(1190): CodeIgniter\View\View->render('inicio/form', [], true)
 4 APPPATH\Controllers\Inicio.php(27): view('inicio/form')
 5 SYSTEMPATH\CodeIgniter.php(942): App\Controllers\Inicio->create()
 6 SYSTEMPATH\CodeIgniter.php(502): CodeIgniter\CodeIgniter->runController(Object(App\Controllers\Inicio))
 7 SYSTEMPATH\CodeIgniter.php(361): CodeIgniter\CodeIgniter->handleRequest(null, Object(Config\Cache), false)
 8 FCPATH\index.php(79): CodeIgniter\CodeIgniter->run()
 9 SYSTEMPATH\Commands\Server\rewrite.php(47): require_once('C:\\xampp\\htdocs\\AddTarefa\\public\\index.php')
CRITICAL - 2023-12-06 14:18:56 --> Undefined index: editar
in SYSTEMPATH\HTTP\URI.php on line 371.
 1 SYSTEMPATH\HTTP\URI.php(371): CodeIgniter\Debug\Exceptions->errorHandler(8, 'Undefined index: editar', 'C:\\xampp\\htdocs\\AddTarefa\\system\\HTTP\\URI.php', 371, [...])
 2 SYSTEMPATH\HTTP\URI.php(635): CodeIgniter\HTTP\URI->getAuthority()
 3 SYSTEMPATH\HTTP\SiteURI.php(111): CodeIgniter\HTTP\URI->__toString()
 4 SYSTEMPATH\HTTP\SiteURI.php(384): CodeIgniter\HTTP\SiteURI->__construct(Object(Config\App), 'Incio/edit/1', 'localhost', 'Editar')
 5 SYSTEMPATH\Helpers\url_helper.php(54): CodeIgniter\HTTP\SiteURI->baseUrl('Incio/edit/1', 'Editar')
 6 APPPATH\Views\inicio\index.php(28): base_url('Incio/edit/1', 'Editar')
 7 SYSTEMPATH\View\View.php(228): include('C:\\xampp\\htdocs\\AddTarefa\\app\\Views\\inicio\\index.php')
 8 SYSTEMPATH\View\View.php(231): CodeIgniter\View\View->CodeIgniter\View\{closure}()
 9 SYSTEMPATH\Common.php(1190): CodeIgniter\View\View->render('inicio/index', [], true)
10 APPPATH\Controllers\Inicio.php(16): view('inicio/index', [...])
11 SYSTEMPATH\CodeIgniter.php(942): App\Controllers\Inicio->index()
12 SYSTEMPATH\CodeIgniter.php(502): CodeIgniter\CodeIgniter->runController(Object(App\Controllers\Inicio))
13 SYSTEMPATH\CodeIgniter.php(361): CodeIgniter\CodeIgniter->handleRequest(null, Object(Config\Cache), false)
14 FCPATH\index.php(79): CodeIgniter\CodeIgniter->run()
15 SYSTEMPATH\Commands\Server\rewrite.php(47): require_once('C:\\xampp\\htdocs\\AddTarefa\\public\\index.php')
CRITICAL - 2023-12-06 15:22:18 --> Undefined variable: tarefa
in APPPATH\Views\inicio\index.php on line 41.
 1 APPPATH\Views\inicio\index.php(41): CodeIgniter\Debug\Exceptions->errorHandler(8, 'Undefined variable: tarefa', 'C:\\xampp\\htdocs\\AddTarefa\\app\\Views\\inicio\\index.php', 41, [...])
 2 SYSTEMPATH\View\View.php(228): include('C:\\xampp\\htdocs\\AddTarefa\\app\\Views\\inicio\\index.php')
 3 SYSTEMPATH\View\View.php(231): CodeIgniter\View\View->CodeIgniter\View\{closure}()
 4 SYSTEMPATH\Common.php(1190): CodeIgniter\View\View->render('inicio/index', [], true)
 5 APPPATH\Controllers\Inicio.php(16): view('inicio/index', [...])
 6 SYSTEMPATH\CodeIgniter.php(942): App\Controllers\Inicio->index()
 7 SYSTEMPATH\CodeIgniter.php(502): CodeIgniter\CodeIgniter->runController(Object(App\Controllers\Inicio))
 8 SYSTEMPATH\CodeIgniter.php(361): CodeIgniter\CodeIgniter->handleRequest(null, Object(Config\Cache), false)
 9 FCPATH\index.php(79): CodeIgniter\CodeIgniter->run()
10 SYSTEMPATH\Commands\Server\rewrite.php(47): require_once('C:\\xampp\\htdocs\\AddTarefa\\public\\index.php')
CRITICAL - 2023-12-06 15:22:56 --> Undefined variable: tarefa
in APPPATH\Views\inicio\index.php on line 41.
 1 APPPATH\Views\inicio\index.php(41): CodeIgniter\Debug\Exceptions->errorHandler(8, 'Undefined variable: tarefa', 'C:\\xampp\\htdocs\\AddTarefa\\app\\Views\\inicio\\index.php', 41, [...])
 2 SYSTEMPATH\View\View.php(228): include('C:\\xampp\\htdocs\\AddTarefa\\app\\Views\\inicio\\index.php')
 3 SYSTEMPATH\View\View.php(231): CodeIgniter\View\View->CodeIgniter\View\{closure}()
 4 SYSTEMPATH\Common.php(1190): CodeIgniter\View\View->render('inicio/index', [], true)
 5 APPPATH\Controllers\Inicio.php(16): view('inicio/index', [...])
 6 SYSTEMPATH\CodeIgniter.php(942): App\Controllers\Inicio->index()
 7 SYSTEMPATH\CodeIgniter.php(502): CodeIgniter\CodeIgniter->runController(Object(App\Controllers\Inicio))
 8 SYSTEMPATH\CodeIgniter.php(361): CodeIgniter\CodeIgniter->handleRequest(null, Object(Config\Cache), false)
 9 FCPATH\index.php(79): CodeIgniter\CodeIgniter->run()
10 SYSTEMPATH\Commands\Server\rewrite.php(47): require_once('C:\\xampp\\htdocs\\AddTarefa\\public\\index.php')
CRITICAL - 2023-12-06 15:22:56 --> Undefined variable: tarefa
in APPPATH\Views\inicio\index.php on line 41.
 1 APPPATH\Views\inicio\index.php(41): CodeIgniter\Debug\Exceptions->errorHandler(8, 'Undefined variable: tarefa', 'C:\\xampp\\htdocs\\AddTarefa\\app\\Views\\inicio\\index.php', 41, [...])
 2 SYSTEMPATH\View\View.php(228): include('C:\\xampp\\htdocs\\AddTarefa\\app\\Views\\inicio\\index.php')
 3 SYSTEMPATH\View\View.php(231): CodeIgniter\View\View->CodeIgniter\View\{closure}()
 4 SYSTEMPATH\Common.php(1190): CodeIgniter\View\View->render('inicio/index', [], true)
 5 APPPATH\Controllers\Inicio.php(16): view('inicio/index', [...])
 6 SYSTEMPATH\CodeIgniter.php(942): App\Controllers\Inicio->index()
 7 SYSTEMPATH\CodeIgniter.php(502): CodeIgniter\CodeIgniter->runController(Object(App\Controllers\Inicio))
 8 SYSTEMPATH\CodeIgniter.php(361): CodeIgniter\CodeIgniter->handleRequest(null, Object(Config\Cache), false)
 9 FCPATH\index.php(79): CodeIgniter\CodeIgniter->run()
10 SYSTEMPATH\Commands\Server\rewrite.php(47): require_once('C:\\xampp\\htdocs\\AddTarefa\\public\\index.php')
